<?xml version="1.0" encoding="UTF-8"?>
<!-- Generated by org.testng.reporters.JUnitXMLReporter -->
<testsuite ignored="0" hostname="Fatimah" failures="0" tests="2" name="Error Validations Test" time="42.458" errors="0" timestamp="2023-07-04T16:51:09 SGT">
  <testcase classname="rahulshettyacademy.tests.ErrorValidationsTest" name="loginErrorValidation" time="1.023"/>
  <testcase classname="rahulshettyacademy.tests.ErrorValidationsTest" name="productErrorValidation" time="32.871"/>
</testsuite> <!-- Error Validations Test -->
