<?xml version="1.0" encoding="UTF-8"?>
<!-- Generated by org.testng.reporters.JUnitXMLReporter -->
<testsuite ignored="0" hostname="Fatimah" failures="0" tests="2" name="Error Validations Test" time="16.895" errors="0" timestamp="2023-07-05T15:02:14 SGT">
  <testcase classname="rahulshettyacademy.tests.ErrorValidationsTest" name="loginErrorValidation" time="0.902"/>
  <testcase classname="rahulshettyacademy.tests.ErrorValidationsTest" name="productErrorValidation" time="3.91"/>
</testsuite> <!-- Error Validations Test -->
